<?xml version="1.0" encoding="UTF-8"?>
<testsuite xmlns:xsi="http://www.w3.org/2001/XMLSchema-instance" xsi:noNamespaceSchemaLocation="https://maven.apache.org/surefire/maven-surefire-plugin/xsd/surefire-test-report.xsd" name="TestRunner" time="73.951" tests="3" errors="0" skipped="0" failures="0">
  <properties>
[...]
</properties>
  <testcase name="User wants to Add entries into web table #1" classname="Web Tables" time="17.32"/>
  <testcase name="User wants to Add entries into web table #2" classname="Web Tables" time="35.728"/>
  <testcase name="User wants to Add entries into web table #3" classname="Web Tables" time="20.294"/>
</testsuite>